<?xml version="1.0" encoding="UTF-8"?>
<!-- Generated by org.testng.reporters.JUnitReportReporter -->
<testsuite hostname="L0115F11" failures="0" tests="1" name="za.co.absa.testcase.PerformCSID" time="53.182" errors="0" timestamp="28 Jun 2023 17:35:36 GMT" skipped="0">
  <testcase classname="za.co.absa.testcase.PerformCSID" name="performCSID" time="53.182"/>
</testsuite> <!-- za.co.absa.testcase.PerformCSID -->
